2019-11-21 14:24:57 [scrapy.utils.log] INFO: Scrapy 1.6.0 started (bot: Maoyan)
2019-11-21 14:24:57 [scrapy.utils.log] INFO: Versions: lxml 4.3.2.0, libxml2 2.9.9, cssselect 1.0.3, parsel 1.5.1, w3lib 1.20.0, Twisted 18.9.0, Python 3.6.8 (default, Oct  7 2019, 12:59:55) - [GCC 8.3.0], pyOpenSSL 19.0.0 (OpenSSL 1.1.1b  26 Feb 2019), cryptography 2.6.1, Platform Linux-5.0.0-36-generic-x86_64-with-Ubuntu-18.04-bionic
2019-11-21 14:24:57 [scrapy.crawler] INFO: Overridden settings: {'BOT_NAME': 'Maoyan', 'LOG_FILE': 'maoyan.log', 'LOG_LEVEL': 'INFO', 'NEWSPIDER_MODULE': 'Maoyan.spiders', 'SPIDER_MODULES': ['Maoyan.spiders']}
2019-11-21 14:24:57 [scrapy.extensions.telnet] INFO: Telnet Password: 0a58b91dacd82d66
2019-11-21 14:24:57 [scrapy.middleware] INFO: Enabled extensions:
['scrapy.extensions.corestats.CoreStats',
 'scrapy.extensions.telnet.TelnetConsole',
 'scrapy.extensions.memusage.MemoryUsage',
 'scrapy.extensions.logstats.LogStats']
2019-11-21 14:24:57 [scrapy.middleware] INFO: Enabled downloader middlewares:
['scrapy.downloadermiddlewares.httpauth.HttpAuthMiddleware',
 'scrapy.downloadermiddlewares.downloadtimeout.DownloadTimeoutMiddleware',
 'scrapy.downloadermiddlewares.defaultheaders.DefaultHeadersMiddleware',
 'scrapy.downloadermiddlewares.useragent.UserAgentMiddleware',
 'scrapy.downloadermiddlewares.retry.RetryMiddleware',
 'scrapy.downloadermiddlewares.redirect.MetaRefreshMiddleware',
 'scrapy.downloadermiddlewares.httpcompression.HttpCompressionMiddleware',
 'scrapy.downloadermiddlewares.redirect.RedirectMiddleware',
 'scrapy.downloadermiddlewares.cookies.CookiesMiddleware',
 'scrapy.downloadermiddlewares.httpproxy.HttpProxyMiddleware',
 'scrapy.downloadermiddlewares.stats.DownloaderStats']
2019-11-21 14:24:57 [scrapy.middleware] INFO: Enabled spider middlewares:
['scrapy.spidermiddlewares.httperror.HttpErrorMiddleware',
 'scrapy.spidermiddlewares.offsite.OffsiteMiddleware',
 'scrapy.spidermiddlewares.referer.RefererMiddleware',
 'scrapy.spidermiddlewares.urllength.UrlLengthMiddleware',
 'scrapy.spidermiddlewares.depth.DepthMiddleware']
2019-11-21 14:24:57 [scrapy.middleware] INFO: Enabled item pipelines:
['Maoyan.pipelines.MaoyanPipeline']
2019-11-21 14:24:57 [scrapy.core.engine] INFO: Spider opened
2019-11-21 14:24:57 [scrapy.extensions.logstats] INFO: Crawled 0 pages (at 0 pages/min), scraped 0 items (at 0 items/min)
2019-11-21 14:24:57 [scrapy.extensions.telnet] INFO: Telnet console listening on 127.0.0.1:6023
2019-11-21 14:24:59 [scrapy.core.engine] INFO: Closing spider (finished)
2019-11-21 14:24:59 [scrapy.statscollectors] INFO: Dumping Scrapy stats:
{'downloader/request_bytes': 4857,
 'downloader/request_count': 10,
 'downloader/request_method_count/GET': 10,
 'downloader/response_bytes': 62222,
 'downloader/response_count': 10,
 'downloader/response_status_count/200': 10,
 'finish_reason': 'finished',
 'finish_time': datetime.datetime(2019, 11, 21, 6, 24, 59, 618560),
 'item_scraped_count': 100,
 'log_count/INFO': 9,
 'memusage/max': 1027166208,
 'memusage/startup': 1027166208,
 'request_depth_max': 9,
 'response_received_count': 10,
 'scheduler/dequeued': 10,
 'scheduler/dequeued/memory': 10,
 'scheduler/enqueued': 10,
 'scheduler/enqueued/memory': 10,
 'start_time': datetime.datetime(2019, 11, 21, 6, 24, 57, 103162)}
2019-11-21 14:24:59 [scrapy.core.engine] INFO: Spider closed (finished)
2019-11-21 14:55:46 [scrapy.utils.log] INFO: Scrapy 1.6.0 started (bot: Maoyan)
2019-11-21 14:55:46 [scrapy.utils.log] INFO: Versions: lxml 4.3.2.0, libxml2 2.9.9, cssselect 1.0.3, parsel 1.5.1, w3lib 1.20.0, Twisted 18.9.0, Python 3.6.8 (default, Oct  7 2019, 12:59:55) - [GCC 8.3.0], pyOpenSSL 19.0.0 (OpenSSL 1.1.1b  26 Feb 2019), cryptography 2.6.1, Platform Linux-5.0.0-36-generic-x86_64-with-Ubuntu-18.04-bionic
2019-11-21 14:55:46 [scrapy.crawler] INFO: Overridden settings: {'BOT_NAME': 'Maoyan', 'LOG_FILE': 'maoyan.log', 'LOG_LEVEL': 'INFO', 'NEWSPIDER_MODULE': 'Maoyan.spiders', 'SPIDER_MODULES': ['Maoyan.spiders']}
2019-11-21 14:55:46 [scrapy.extensions.telnet] INFO: Telnet Password: 105b92ddd52e6a88
2019-11-21 14:55:46 [scrapy.middleware] INFO: Enabled extensions:
['scrapy.extensions.corestats.CoreStats',
 'scrapy.extensions.telnet.TelnetConsole',
 'scrapy.extensions.memusage.MemoryUsage',
 'scrapy.extensions.logstats.LogStats']
2019-11-21 14:55:46 [scrapy.middleware] INFO: Enabled downloader middlewares:
['scrapy.downloadermiddlewares.httpauth.HttpAuthMiddleware',
 'scrapy.downloadermiddlewares.downloadtimeout.DownloadTimeoutMiddleware',
 'scrapy.downloadermiddlewares.defaultheaders.DefaultHeadersMiddleware',
 'scrapy.downloadermiddlewares.useragent.UserAgentMiddleware',
 'scrapy.downloadermiddlewares.retry.RetryMiddleware',
 'scrapy.downloadermiddlewares.redirect.MetaRefreshMiddleware',
 'scrapy.downloadermiddlewares.httpcompression.HttpCompressionMiddleware',
 'scrapy.downloadermiddlewares.redirect.RedirectMiddleware',
 'scrapy.downloadermiddlewares.cookies.CookiesMiddleware',
 'scrapy.downloadermiddlewares.httpproxy.HttpProxyMiddleware',
 'scrapy.downloadermiddlewares.stats.DownloaderStats']
2019-11-21 14:55:46 [scrapy.middleware] INFO: Enabled spider middlewares:
['scrapy.spidermiddlewares.httperror.HttpErrorMiddleware',
 'scrapy.spidermiddlewares.offsite.OffsiteMiddleware',
 'scrapy.spidermiddlewares.referer.RefererMiddleware',
 'scrapy.spidermiddlewares.urllength.UrlLengthMiddleware',
 'scrapy.spidermiddlewares.depth.DepthMiddleware']
2019-11-21 14:55:46 [scrapy.middleware] INFO: Enabled item pipelines:
['Maoyan.pipelines.MaoyanMysqlPipeline', 'Maoyan.pipelines.MaoyanPipeline']
2019-11-21 14:55:46 [scrapy.core.engine] INFO: Spider opened
2019-11-21 14:55:46 [scrapy.extensions.logstats] INFO: Crawled 0 pages (at 0 pages/min), scraped 0 items (at 0 items/min)
2019-11-21 14:55:46 [scrapy.extensions.telnet] INFO: Telnet console listening on 127.0.0.1:6023
2019-11-21 14:55:51 [scrapy.core.engine] INFO: Closing spider (finished)
2019-11-21 14:55:51 [scrapy.statscollectors] INFO: Dumping Scrapy stats:
{'downloader/request_bytes': 2959,
 'downloader/request_count': 10,
 'downloader/request_method_count/GET': 10,
 'downloader/response_bytes': 64962,
 'downloader/response_count': 10,
 'downloader/response_status_count/200': 10,
 'finish_reason': 'finished',
 'finish_time': datetime.datetime(2019, 11, 21, 6, 55, 51, 224613),
 'item_scraped_count': 100,
 'log_count/INFO': 9,
 'memusage/max': 1052545024,
 'memusage/startup': 1052545024,
 'response_received_count': 10,
 'scheduler/dequeued': 10,
 'scheduler/dequeued/memory': 10,
 'scheduler/enqueued': 10,
 'scheduler/enqueued/memory': 10,
 'start_time': datetime.datetime(2019, 11, 21, 6, 55, 46, 151344)}
2019-11-21 14:55:51 [scrapy.core.engine] INFO: Spider closed (finished)
2019-11-21 15:21:14 [scrapy.utils.log] INFO: Scrapy 1.6.0 started (bot: Maoyan)
2019-11-21 15:21:14 [scrapy.utils.log] INFO: Versions: lxml 4.3.2.0, libxml2 2.9.9, cssselect 1.0.3, parsel 1.5.1, w3lib 1.20.0, Twisted 18.9.0, Python 3.6.8 (default, Oct  7 2019, 12:59:55) - [GCC 8.3.0], pyOpenSSL 19.0.0 (OpenSSL 1.1.1b  26 Feb 2019), cryptography 2.6.1, Platform Linux-5.0.0-36-generic-x86_64-with-Ubuntu-18.04-bionic
2019-11-21 15:21:14 [scrapy.crawler] INFO: Overridden settings: {'BOT_NAME': 'Maoyan', 'LOG_FILE': 'maoyan.log', 'LOG_LEVEL': 'INFO', 'NEWSPIDER_MODULE': 'Maoyan.spiders', 'SPIDER_MODULES': ['Maoyan.spiders']}
2019-11-21 15:21:14 [scrapy.extensions.telnet] INFO: Telnet Password: 47e963126cc24ad0
2019-11-21 15:21:14 [scrapy.middleware] INFO: Enabled extensions:
['scrapy.extensions.corestats.CoreStats',
 'scrapy.extensions.telnet.TelnetConsole',
 'scrapy.extensions.memusage.MemoryUsage',
 'scrapy.extensions.logstats.LogStats']
2019-11-21 15:21:14 [scrapy.middleware] INFO: Enabled downloader middlewares:
['scrapy.downloadermiddlewares.httpauth.HttpAuthMiddleware',
 'scrapy.downloadermiddlewares.downloadtimeout.DownloadTimeoutMiddleware',
 'scrapy.downloadermiddlewares.defaultheaders.DefaultHeadersMiddleware',
 'scrapy.downloadermiddlewares.useragent.UserAgentMiddleware',
 'scrapy.downloadermiddlewares.retry.RetryMiddleware',
 'scrapy.downloadermiddlewares.redirect.MetaRefreshMiddleware',
 'scrapy.downloadermiddlewares.httpcompression.HttpCompressionMiddleware',
 'scrapy.downloadermiddlewares.redirect.RedirectMiddleware',
 'scrapy.downloadermiddlewares.cookies.CookiesMiddleware',
 'scrapy.downloadermiddlewares.httpproxy.HttpProxyMiddleware',
 'scrapy.downloadermiddlewares.stats.DownloaderStats']
2019-11-21 15:21:14 [scrapy.middleware] INFO: Enabled spider middlewares:
['scrapy.spidermiddlewares.httperror.HttpErrorMiddleware',
 'scrapy.spidermiddlewares.offsite.OffsiteMiddleware',
 'scrapy.spidermiddlewares.referer.RefererMiddleware',
 'scrapy.spidermiddlewares.urllength.UrlLengthMiddleware',
 'scrapy.spidermiddlewares.depth.DepthMiddleware']
2019-11-21 15:21:14 [scrapy.middleware] INFO: Enabled item pipelines:
['Maoyan.pipelines.MaoyanMongoPipeline',
 'Maoyan.pipelines.MaoyanMysqlPipeline',
 'Maoyan.pipelines.MaoyanPipeline']
2019-11-21 15:21:14 [scrapy.core.engine] INFO: Spider opened
2019-11-21 15:21:14 [scrapy.core.engine] INFO: Closing spider (shutdown)
2019-11-21 15:21:14 [scrapy.statscollectors] INFO: Dumping Scrapy stats:
{'finish_reason': 'shutdown',
 'finish_time': datetime.datetime(2019, 11, 21, 7, 21, 14, 367019),
 'log_count/INFO': 7}
2019-11-21 15:21:14 [scrapy.core.engine] INFO: Spider closed (shutdown)
2019-11-21 15:21:14 [twisted] CRITICAL: Unhandled error in Deferred:
2019-11-21 15:21:14 [twisted] CRITICAL: 
Traceback (most recent call last):
  File "/usr/local/lib/python3.6/dist-packages/twisted/internet/defer.py", line 1418, in _inlineCallbacks
    result = g.send(result)
  File "/usr/local/lib/python3.6/dist-packages/scrapy/crawler.py", line 82, in crawl
    yield self.engine.open_spider(self.spider, start_requests)
TypeError: port must be an instance of int
2019-11-21 15:26:42 [scrapy.utils.log] INFO: Scrapy 1.6.0 started (bot: Maoyan)
2019-11-21 15:26:42 [scrapy.utils.log] INFO: Versions: lxml 4.3.2.0, libxml2 2.9.9, cssselect 1.0.3, parsel 1.5.1, w3lib 1.20.0, Twisted 18.9.0, Python 3.6.8 (default, Oct  7 2019, 12:59:55) - [GCC 8.3.0], pyOpenSSL 19.0.0 (OpenSSL 1.1.1b  26 Feb 2019), cryptography 2.6.1, Platform Linux-5.0.0-36-generic-x86_64-with-Ubuntu-18.04-bionic
2019-11-21 15:26:42 [scrapy.crawler] INFO: Overridden settings: {'BOT_NAME': 'Maoyan', 'LOG_FILE': 'maoyan.log', 'LOG_LEVEL': 'INFO', 'NEWSPIDER_MODULE': 'Maoyan.spiders', 'SPIDER_MODULES': ['Maoyan.spiders']}
2019-11-21 15:26:42 [scrapy.extensions.telnet] INFO: Telnet Password: bc50b5208848d59c
2019-11-21 15:26:42 [scrapy.middleware] INFO: Enabled extensions:
['scrapy.extensions.corestats.CoreStats',
 'scrapy.extensions.telnet.TelnetConsole',
 'scrapy.extensions.memusage.MemoryUsage',
 'scrapy.extensions.logstats.LogStats']
2019-11-21 15:26:42 [scrapy.middleware] INFO: Enabled downloader middlewares:
['scrapy.downloadermiddlewares.httpauth.HttpAuthMiddleware',
 'scrapy.downloadermiddlewares.downloadtimeout.DownloadTimeoutMiddleware',
 'scrapy.downloadermiddlewares.defaultheaders.DefaultHeadersMiddleware',
 'scrapy.downloadermiddlewares.useragent.UserAgentMiddleware',
 'scrapy.downloadermiddlewares.retry.RetryMiddleware',
 'scrapy.downloadermiddlewares.redirect.MetaRefreshMiddleware',
 'scrapy.downloadermiddlewares.httpcompression.HttpCompressionMiddleware',
 'scrapy.downloadermiddlewares.redirect.RedirectMiddleware',
 'scrapy.downloadermiddlewares.cookies.CookiesMiddleware',
 'scrapy.downloadermiddlewares.httpproxy.HttpProxyMiddleware',
 'scrapy.downloadermiddlewares.stats.DownloaderStats']
2019-11-21 15:26:42 [scrapy.middleware] INFO: Enabled spider middlewares:
['scrapy.spidermiddlewares.httperror.HttpErrorMiddleware',
 'scrapy.spidermiddlewares.offsite.OffsiteMiddleware',
 'scrapy.spidermiddlewares.referer.RefererMiddleware',
 'scrapy.spidermiddlewares.urllength.UrlLengthMiddleware',
 'scrapy.spidermiddlewares.depth.DepthMiddleware']
2019-11-21 15:26:42 [scrapy.middleware] INFO: Enabled item pipelines:
['Maoyan.pipelines.MaoyanMongoPipeline',
 'Maoyan.pipelines.MaoyanMysqlPipeline',
 'Maoyan.pipelines.MaoyanPipeline']
2019-11-21 15:26:42 [scrapy.core.engine] INFO: Spider opened
2019-11-21 15:26:42 [scrapy.extensions.logstats] INFO: Crawled 0 pages (at 0 pages/min), scraped 0 items (at 0 items/min)
2019-11-21 15:26:42 [scrapy.extensions.telnet] INFO: Telnet console listening on 127.0.0.1:6023
2019-11-21 15:26:48 [scrapy.core.engine] INFO: Closing spider (finished)
2019-11-21 15:26:48 [scrapy.statscollectors] INFO: Dumping Scrapy stats:
{'downloader/request_bytes': 2959,
 'downloader/request_count': 10,
 'downloader/request_method_count/GET': 10,
 'downloader/response_bytes': 64958,
 'downloader/response_count': 10,
 'downloader/response_status_count/200': 10,
 'finish_reason': 'finished',
 'finish_time': datetime.datetime(2019, 11, 21, 7, 26, 48, 344692),
 'item_scraped_count': 100,
 'log_count/INFO': 9,
 'memusage/max': 1073086464,
 'memusage/startup': 1073086464,
 'response_received_count': 10,
 'scheduler/dequeued': 10,
 'scheduler/dequeued/memory': 10,
 'scheduler/enqueued': 10,
 'scheduler/enqueued/memory': 10,
 'start_time': datetime.datetime(2019, 11, 21, 7, 26, 42, 227222)}
2019-11-21 15:26:48 [scrapy.core.engine] INFO: Spider closed (finished)
2019-11-21 15:43:52 [scrapy.utils.log] INFO: Scrapy 1.6.0 started (bot: Maoyan)
2019-11-21 15:43:52 [scrapy.utils.log] INFO: Versions: lxml 4.3.2.0, libxml2 2.9.9, cssselect 1.0.3, parsel 1.5.1, w3lib 1.20.0, Twisted 18.9.0, Python 3.6.8 (default, Oct  7 2019, 12:59:55) - [GCC 8.3.0], pyOpenSSL 19.0.0 (OpenSSL 1.1.1b  26 Feb 2019), cryptography 2.6.1, Platform Linux-5.0.0-36-generic-x86_64-with-Ubuntu-18.04-bionic
2019-11-21 15:43:52 [scrapy.crawler] INFO: Overridden settings: {'BOT_NAME': 'Maoyan', 'FEED_FORMAT': 'csv', 'FEED_URI': 'maoyan.csv', 'LOG_FILE': 'maoyan.log', 'LOG_LEVEL': 'INFO', 'NEWSPIDER_MODULE': 'Maoyan.spiders', 'SPIDER_MODULES': ['Maoyan.spiders']}
2019-11-21 15:43:52 [scrapy.extensions.telnet] INFO: Telnet Password: 84f9e8541ce6c2c8
2019-11-21 15:43:52 [scrapy.middleware] INFO: Enabled extensions:
['scrapy.extensions.corestats.CoreStats',
 'scrapy.extensions.telnet.TelnetConsole',
 'scrapy.extensions.memusage.MemoryUsage',
 'scrapy.extensions.feedexport.FeedExporter',
 'scrapy.extensions.logstats.LogStats']
2019-11-21 15:43:52 [scrapy.middleware] INFO: Enabled downloader middlewares:
['scrapy.downloadermiddlewares.httpauth.HttpAuthMiddleware',
 'scrapy.downloadermiddlewares.downloadtimeout.DownloadTimeoutMiddleware',
 'scrapy.downloadermiddlewares.defaultheaders.DefaultHeadersMiddleware',
 'scrapy.downloadermiddlewares.useragent.UserAgentMiddleware',
 'scrapy.downloadermiddlewares.retry.RetryMiddleware',
 'scrapy.downloadermiddlewares.redirect.MetaRefreshMiddleware',
 'scrapy.downloadermiddlewares.httpcompression.HttpCompressionMiddleware',
 'scrapy.downloadermiddlewares.redirect.RedirectMiddleware',
 'scrapy.downloadermiddlewares.cookies.CookiesMiddleware',
 'scrapy.downloadermiddlewares.httpproxy.HttpProxyMiddleware',
 'scrapy.downloadermiddlewares.stats.DownloaderStats']
2019-11-21 15:43:52 [scrapy.middleware] INFO: Enabled spider middlewares:
['scrapy.spidermiddlewares.httperror.HttpErrorMiddleware',
 'scrapy.spidermiddlewares.offsite.OffsiteMiddleware',
 'scrapy.spidermiddlewares.referer.RefererMiddleware',
 'scrapy.spidermiddlewares.urllength.UrlLengthMiddleware',
 'scrapy.spidermiddlewares.depth.DepthMiddleware']
2019-11-21 15:43:52 [scrapy.middleware] INFO: Enabled item pipelines:
['Maoyan.pipelines.MaoyanPipeline']
2019-11-21 15:43:52 [scrapy.core.engine] INFO: Spider opened
2019-11-21 15:43:52 [scrapy.extensions.logstats] INFO: Crawled 0 pages (at 0 pages/min), scraped 0 items (at 0 items/min)
2019-11-21 15:43:52 [scrapy.extensions.telnet] INFO: Telnet console listening on 127.0.0.1:6023
2019-11-21 15:43:53 [scrapy.core.engine] INFO: Closing spider (finished)
2019-11-21 15:43:53 [scrapy.statscollectors] INFO: Dumping Scrapy stats:
{'downloader/request_bytes': 8548,
 'downloader/request_count': 20,
 'downloader/request_method_count/GET': 20,
 'downloader/response_bytes': 163569,
 'downloader/response_count': 20,
 'downloader/response_status_count/200': 10,
 'downloader/response_status_count/302': 10,
 'finish_reason': 'finished',
 'finish_time': datetime.datetime(2019, 11, 21, 7, 43, 53, 143680),
 'log_count/INFO': 9,
 'memusage/max': 1073971200,
 'memusage/startup': 1073971200,
 'response_received_count': 10,
 'scheduler/dequeued': 20,
 'scheduler/dequeued/memory': 20,
 'scheduler/enqueued': 20,
 'scheduler/enqueued/memory': 20,
 'start_time': datetime.datetime(2019, 11, 21, 7, 43, 52, 306817)}
2019-11-21 15:43:53 [scrapy.core.engine] INFO: Spider closed (finished)
2019-11-21 15:44:35 [scrapy.utils.log] INFO: Scrapy 1.6.0 started (bot: Maoyan)
2019-11-21 15:44:35 [scrapy.utils.log] INFO: Versions: lxml 4.3.2.0, libxml2 2.9.9, cssselect 1.0.3, parsel 1.5.1, w3lib 1.20.0, Twisted 18.9.0, Python 3.6.8 (default, Oct  7 2019, 12:59:55) - [GCC 8.3.0], pyOpenSSL 19.0.0 (OpenSSL 1.1.1b  26 Feb 2019), cryptography 2.6.1, Platform Linux-5.0.0-36-generic-x86_64-with-Ubuntu-18.04-bionic
2019-11-21 15:44:35 [scrapy.crawler] INFO: Overridden settings: {'BOT_NAME': 'Maoyan', 'FEED_FORMAT': 'csv', 'FEED_URI': 'maoyan.csv', 'LOG_FILE': 'maoyan.log', 'LOG_LEVEL': 'INFO', 'NEWSPIDER_MODULE': 'Maoyan.spiders', 'SPIDER_MODULES': ['Maoyan.spiders']}
2019-11-21 15:44:35 [scrapy.extensions.telnet] INFO: Telnet Password: 7d182ebb692a9375
2019-11-21 15:44:35 [scrapy.middleware] INFO: Enabled extensions:
['scrapy.extensions.corestats.CoreStats',
 'scrapy.extensions.telnet.TelnetConsole',
 'scrapy.extensions.memusage.MemoryUsage',
 'scrapy.extensions.feedexport.FeedExporter',
 'scrapy.extensions.logstats.LogStats']
2019-11-21 15:44:35 [scrapy.middleware] INFO: Enabled downloader middlewares:
['scrapy.downloadermiddlewares.httpauth.HttpAuthMiddleware',
 'scrapy.downloadermiddlewares.downloadtimeout.DownloadTimeoutMiddleware',
 'scrapy.downloadermiddlewares.defaultheaders.DefaultHeadersMiddleware',
 'scrapy.downloadermiddlewares.useragent.UserAgentMiddleware',
 'scrapy.downloadermiddlewares.retry.RetryMiddleware',
 'scrapy.downloadermiddlewares.redirect.MetaRefreshMiddleware',
 'scrapy.downloadermiddlewares.httpcompression.HttpCompressionMiddleware',
 'scrapy.downloadermiddlewares.redirect.RedirectMiddleware',
 'scrapy.downloadermiddlewares.cookies.CookiesMiddleware',
 'scrapy.downloadermiddlewares.httpproxy.HttpProxyMiddleware',
 'scrapy.downloadermiddlewares.stats.DownloaderStats']
2019-11-21 15:44:35 [scrapy.middleware] INFO: Enabled spider middlewares:
['scrapy.spidermiddlewares.httperror.HttpErrorMiddleware',
 'scrapy.spidermiddlewares.offsite.OffsiteMiddleware',
 'scrapy.spidermiddlewares.referer.RefererMiddleware',
 'scrapy.spidermiddlewares.urllength.UrlLengthMiddleware',
 'scrapy.spidermiddlewares.depth.DepthMiddleware']
2019-11-21 15:44:35 [scrapy.middleware] INFO: Enabled item pipelines:
['Maoyan.pipelines.MaoyanMongoPipeline',
 'Maoyan.pipelines.MaoyanMysqlPipeline',
 'Maoyan.pipelines.MaoyanPipeline']
2019-11-21 15:44:35 [scrapy.core.engine] INFO: Spider opened
2019-11-21 15:44:35 [scrapy.extensions.logstats] INFO: Crawled 0 pages (at 0 pages/min), scraped 0 items (at 0 items/min)
2019-11-21 15:44:35 [scrapy.extensions.telnet] INFO: Telnet console listening on 127.0.0.1:6023
2019-11-21 15:44:41 [scrapy.core.engine] INFO: Closing spider (finished)
2019-11-21 15:44:41 [scrapy.extensions.feedexport] INFO: Stored csv feed (100 items) in: maoyan.csv
2019-11-21 15:44:41 [scrapy.statscollectors] INFO: Dumping Scrapy stats:
{'downloader/request_bytes': 2959,
 'downloader/request_count': 10,
 'downloader/request_method_count/GET': 10,
 'downloader/response_bytes': 64956,
 'downloader/response_count': 10,
 'downloader/response_status_count/200': 10,
 'finish_reason': 'finished',
 'finish_time': datetime.datetime(2019, 11, 21, 7, 44, 41, 151831),
 'item_scraped_count': 100,
 'log_count/INFO': 10,
 'memusage/max': 1211887616,
 'memusage/startup': 1211887616,
 'response_received_count': 10,
 'scheduler/dequeued': 10,
 'scheduler/dequeued/memory': 10,
 'scheduler/enqueued': 10,
 'scheduler/enqueued/memory': 10,
 'start_time': datetime.datetime(2019, 11, 21, 7, 44, 35, 366880)}
2019-11-21 15:44:41 [scrapy.core.engine] INFO: Spider closed (finished)
2019-11-21 15:46:20 [scrapy.utils.log] INFO: Scrapy 1.6.0 started (bot: Maoyan)
2019-11-21 15:46:20 [scrapy.utils.log] INFO: Versions: lxml 4.3.2.0, libxml2 2.9.9, cssselect 1.0.3, parsel 1.5.1, w3lib 1.20.0, Twisted 18.9.0, Python 3.6.8 (default, Oct  7 2019, 12:59:55) - [GCC 8.3.0], pyOpenSSL 19.0.0 (OpenSSL 1.1.1b  26 Feb 2019), cryptography 2.6.1, Platform Linux-5.0.0-36-generic-x86_64-with-Ubuntu-18.04-bionic
2019-11-21 15:46:20 [scrapy.crawler] INFO: Overridden settings: {'BOT_NAME': 'Maoyan', 'FEED_FORMAT': 'json', 'FEED_URI': 'maoyan.json', 'LOG_FILE': 'maoyan.log', 'LOG_LEVEL': 'INFO', 'NEWSPIDER_MODULE': 'Maoyan.spiders', 'SPIDER_MODULES': ['Maoyan.spiders']}
2019-11-21 15:46:20 [scrapy.extensions.telnet] INFO: Telnet Password: f369757250ccb1f7
2019-11-21 15:46:20 [scrapy.middleware] INFO: Enabled extensions:
['scrapy.extensions.corestats.CoreStats',
 'scrapy.extensions.telnet.TelnetConsole',
 'scrapy.extensions.memusage.MemoryUsage',
 'scrapy.extensions.feedexport.FeedExporter',
 'scrapy.extensions.logstats.LogStats']
2019-11-21 15:46:20 [scrapy.middleware] INFO: Enabled downloader middlewares:
['scrapy.downloadermiddlewares.httpauth.HttpAuthMiddleware',
 'scrapy.downloadermiddlewares.downloadtimeout.DownloadTimeoutMiddleware',
 'scrapy.downloadermiddlewares.defaultheaders.DefaultHeadersMiddleware',
 'scrapy.downloadermiddlewares.useragent.UserAgentMiddleware',
 'scrapy.downloadermiddlewares.retry.RetryMiddleware',
 'scrapy.downloadermiddlewares.redirect.MetaRefreshMiddleware',
 'scrapy.downloadermiddlewares.httpcompression.HttpCompressionMiddleware',
 'scrapy.downloadermiddlewares.redirect.RedirectMiddleware',
 'scrapy.downloadermiddlewares.cookies.CookiesMiddleware',
 'scrapy.downloadermiddlewares.httpproxy.HttpProxyMiddleware',
 'scrapy.downloadermiddlewares.stats.DownloaderStats']
2019-11-21 15:46:20 [scrapy.middleware] INFO: Enabled spider middlewares:
['scrapy.spidermiddlewares.httperror.HttpErrorMiddleware',
 'scrapy.spidermiddlewares.offsite.OffsiteMiddleware',
 'scrapy.spidermiddlewares.referer.RefererMiddleware',
 'scrapy.spidermiddlewares.urllength.UrlLengthMiddleware',
 'scrapy.spidermiddlewares.depth.DepthMiddleware']
2019-11-21 15:46:20 [scrapy.middleware] INFO: Enabled item pipelines:
['Maoyan.pipelines.MaoyanMongoPipeline',
 'Maoyan.pipelines.MaoyanMysqlPipeline',
 'Maoyan.pipelines.MaoyanPipeline']
2019-11-21 15:46:20 [scrapy.core.engine] INFO: Spider opened
2019-11-21 15:46:20 [scrapy.extensions.logstats] INFO: Crawled 0 pages (at 0 pages/min), scraped 0 items (at 0 items/min)
2019-11-21 15:46:20 [scrapy.extensions.telnet] INFO: Telnet console listening on 127.0.0.1:6023
2019-11-21 15:46:36 [scrapy.crawler] INFO: Received SIGINT, shutting down gracefully. Send again to force 
2019-11-21 15:46:36 [scrapy.core.engine] INFO: Closing spider (shutdown)
2019-11-21 15:46:51 [scrapy.utils.log] INFO: Scrapy 1.6.0 started (bot: Maoyan)
2019-11-21 15:46:51 [scrapy.utils.log] INFO: Versions: lxml 4.3.2.0, libxml2 2.9.9, cssselect 1.0.3, parsel 1.5.1, w3lib 1.20.0, Twisted 18.9.0, Python 3.6.8 (default, Oct  7 2019, 12:59:55) - [GCC 8.3.0], pyOpenSSL 19.0.0 (OpenSSL 1.1.1b  26 Feb 2019), cryptography 2.6.1, Platform Linux-5.0.0-36-generic-x86_64-with-Ubuntu-18.04-bionic
2019-11-21 15:46:51 [scrapy.crawler] INFO: Overridden settings: {'BOT_NAME': 'Maoyan', 'FEED_FORMAT': 'json', 'FEED_URI': 'maoyan.json', 'LOG_FILE': 'maoyan.log', 'LOG_LEVEL': 'INFO', 'NEWSPIDER_MODULE': 'Maoyan.spiders', 'SPIDER_MODULES': ['Maoyan.spiders']}
2019-11-21 15:46:51 [scrapy.extensions.telnet] INFO: Telnet Password: 49706b04c17a3112
2019-11-21 15:46:51 [scrapy.middleware] INFO: Enabled extensions:
['scrapy.extensions.corestats.CoreStats',
 'scrapy.extensions.telnet.TelnetConsole',
 'scrapy.extensions.memusage.MemoryUsage',
 'scrapy.extensions.feedexport.FeedExporter',
 'scrapy.extensions.logstats.LogStats']
2019-11-21 15:46:51 [scrapy.middleware] INFO: Enabled downloader middlewares:
['scrapy.downloadermiddlewares.httpauth.HttpAuthMiddleware',
 'scrapy.downloadermiddlewares.downloadtimeout.DownloadTimeoutMiddleware',
 'scrapy.downloadermiddlewares.defaultheaders.DefaultHeadersMiddleware',
 'scrapy.downloadermiddlewares.useragent.UserAgentMiddleware',
 'scrapy.downloadermiddlewares.retry.RetryMiddleware',
 'scrapy.downloadermiddlewares.redirect.MetaRefreshMiddleware',
 'scrapy.downloadermiddlewares.httpcompression.HttpCompressionMiddleware',
 'scrapy.downloadermiddlewares.redirect.RedirectMiddleware',
 'scrapy.downloadermiddlewares.cookies.CookiesMiddleware',
 'scrapy.downloadermiddlewares.httpproxy.HttpProxyMiddleware',
 'scrapy.downloadermiddlewares.stats.DownloaderStats']
2019-11-21 15:46:51 [scrapy.middleware] INFO: Enabled spider middlewares:
['scrapy.spidermiddlewares.httperror.HttpErrorMiddleware',
 'scrapy.spidermiddlewares.offsite.OffsiteMiddleware',
 'scrapy.spidermiddlewares.referer.RefererMiddleware',
 'scrapy.spidermiddlewares.urllength.UrlLengthMiddleware',
 'scrapy.spidermiddlewares.depth.DepthMiddleware']
2019-11-21 15:46:51 [scrapy.middleware] INFO: Enabled item pipelines:
['Maoyan.pipelines.MaoyanMongoPipeline',
 'Maoyan.pipelines.MaoyanMysqlPipeline',
 'Maoyan.pipelines.MaoyanPipeline']
2019-11-21 15:46:51 [scrapy.core.engine] INFO: Spider opened
2019-11-21 15:46:51 [scrapy.extensions.logstats] INFO: Crawled 0 pages (at 0 pages/min), scraped 0 items (at 0 items/min)
2019-11-21 15:46:51 [scrapy.extensions.telnet] INFO: Telnet console listening on 127.0.0.1:6023
2019-11-21 15:47:51 [scrapy.extensions.logstats] INFO: Crawled 8 pages (at 8 pages/min), scraped 80 items (at 80 items/min)
2019-11-21 15:47:52 [scrapy.core.engine] INFO: Closing spider (finished)
2019-11-21 15:47:52 [scrapy.extensions.feedexport] INFO: Stored json feed (100 items) in: maoyan.json
2019-11-21 15:47:52 [scrapy.statscollectors] INFO: Dumping Scrapy stats:
{'downloader/exception_count': 2,
 'downloader/exception_type_count/twisted.web._newclient.ResponseNeverReceived': 2,
 'downloader/request_bytes': 3879,
 'downloader/request_count': 12,
 'downloader/request_method_count/GET': 12,
 'downloader/response_bytes': 64349,
 'downloader/response_count': 10,
 'downloader/response_status_count/200': 10,
 'finish_reason': 'finished',
 'finish_time': datetime.datetime(2019, 11, 21, 7, 47, 52, 783763),
 'item_scraped_count': 100,
 'log_count/INFO': 11,
 'memusage/max': 1221754880,
 'memusage/startup': 1221754880,
 'response_received_count': 10,
 'retry/count': 2,
 'retry/reason_count/twisted.web._newclient.ResponseNeverReceived': 2,
 'scheduler/dequeued': 12,
 'scheduler/dequeued/memory': 12,
 'scheduler/enqueued': 12,
 'scheduler/enqueued/memory': 12,
 'start_time': datetime.datetime(2019, 11, 21, 7, 46, 51, 295361)}
2019-11-21 15:47:52 [scrapy.core.engine] INFO: Spider closed (finished)
2019-11-21 15:50:44 [scrapy.utils.log] INFO: Scrapy 1.6.0 started (bot: Maoyan)
2019-11-21 15:50:44 [scrapy.utils.log] INFO: Versions: lxml 4.3.2.0, libxml2 2.9.9, cssselect 1.0.3, parsel 1.5.1, w3lib 1.20.0, Twisted 18.9.0, Python 3.6.8 (default, Oct  7 2019, 12:59:55) - [GCC 8.3.0], pyOpenSSL 19.0.0 (OpenSSL 1.1.1b  26 Feb 2019), cryptography 2.6.1, Platform Linux-5.0.0-36-generic-x86_64-with-Ubuntu-18.04-bionic
2019-11-21 15:50:44 [scrapy.crawler] INFO: Overridden settings: {'BOT_NAME': 'Maoyan', 'FEED_EXPORT_ENCODING': 'utf-8', 'FEED_FORMAT': 'json', 'FEED_URI': 'maoyan.json', 'LOG_FILE': 'maoyan.log', 'LOG_LEVEL': 'INFO', 'NEWSPIDER_MODULE': 'Maoyan.spiders', 'SPIDER_MODULES': ['Maoyan.spiders']}
2019-11-21 15:50:44 [scrapy.extensions.telnet] INFO: Telnet Password: a7bef5494788b360
2019-11-21 15:50:44 [scrapy.middleware] INFO: Enabled extensions:
['scrapy.extensions.corestats.CoreStats',
 'scrapy.extensions.telnet.TelnetConsole',
 'scrapy.extensions.memusage.MemoryUsage',
 'scrapy.extensions.feedexport.FeedExporter',
 'scrapy.extensions.logstats.LogStats']
2019-11-21 15:50:44 [scrapy.middleware] INFO: Enabled downloader middlewares:
['scrapy.downloadermiddlewares.httpauth.HttpAuthMiddleware',
 'scrapy.downloadermiddlewares.downloadtimeout.DownloadTimeoutMiddleware',
 'scrapy.downloadermiddlewares.defaultheaders.DefaultHeadersMiddleware',
 'scrapy.downloadermiddlewares.useragent.UserAgentMiddleware',
 'scrapy.downloadermiddlewares.retry.RetryMiddleware',
 'scrapy.downloadermiddlewares.redirect.MetaRefreshMiddleware',
 'scrapy.downloadermiddlewares.httpcompression.HttpCompressionMiddleware',
 'scrapy.downloadermiddlewares.redirect.RedirectMiddleware',
 'scrapy.downloadermiddlewares.cookies.CookiesMiddleware',
 'scrapy.downloadermiddlewares.httpproxy.HttpProxyMiddleware',
 'scrapy.downloadermiddlewares.stats.DownloaderStats']
2019-11-21 15:50:44 [scrapy.middleware] INFO: Enabled spider middlewares:
['scrapy.spidermiddlewares.httperror.HttpErrorMiddleware',
 'scrapy.spidermiddlewares.offsite.OffsiteMiddleware',
 'scrapy.spidermiddlewares.referer.RefererMiddleware',
 'scrapy.spidermiddlewares.urllength.UrlLengthMiddleware',
 'scrapy.spidermiddlewares.depth.DepthMiddleware']
2019-11-21 15:50:44 [scrapy.middleware] INFO: Enabled item pipelines:
['Maoyan.pipelines.MaoyanMongoPipeline',
 'Maoyan.pipelines.MaoyanMysqlPipeline',
 'Maoyan.pipelines.MaoyanPipeline']
2019-11-21 15:50:44 [scrapy.core.engine] INFO: Spider opened
2019-11-21 15:50:44 [scrapy.extensions.logstats] INFO: Crawled 0 pages (at 0 pages/min), scraped 0 items (at 0 items/min)
2019-11-21 15:50:44 [scrapy.extensions.telnet] INFO: Telnet console listening on 127.0.0.1:6023
2019-11-21 15:50:55 [scrapy.core.engine] INFO: Closing spider (finished)
2019-11-21 15:50:55 [scrapy.extensions.feedexport] INFO: Stored json feed (100 items) in: maoyan.json
2019-11-21 15:50:55 [scrapy.statscollectors] INFO: Dumping Scrapy stats:
{'downloader/request_bytes': 3287,
 'downloader/request_count': 10,
 'downloader/request_method_count/GET': 10,
 'downloader/response_bytes': 64348,
 'downloader/response_count': 10,
 'downloader/response_status_count/200': 10,
 'finish_reason': 'finished',
 'finish_time': datetime.datetime(2019, 11, 21, 7, 50, 55, 473663),
 'item_scraped_count': 100,
 'log_count/INFO': 10,
 'memusage/max': 1231331328,
 'memusage/startup': 1231331328,
 'response_received_count': 10,
 'scheduler/dequeued': 10,
 'scheduler/dequeued/memory': 10,
 'scheduler/enqueued': 10,
 'scheduler/enqueued/memory': 10,
 'start_time': datetime.datetime(2019, 11, 21, 7, 50, 44, 944838)}
2019-11-21 15:50:55 [scrapy.core.engine] INFO: Spider closed (finished)
